<?xml version="1.0" encoding="UTF-8"?>
<testng-results skipped="0" failed="1" ignored="4" retried="1" total="14" passed="8">
  <reporter-output>
  </reporter-output>
  <suite name="TestSuite" duration-ms="260924" started-at="2022-03-23T23:32:12 CDT" finished-at="2022-03-23T23:36:33 CDT">
    <groups>
    </groups>
    <test name="Regression FireFox" duration-ms="260924" started-at="2022-03-23T23:32:12 CDT" finished-at="2022-03-23T23:36:33 CDT">
      <class name="com.edinarealty.qa.testcases.SavedPropertiesTest">
        <test-method status="PASS" signature="beforeClass(java.lang.String)[pri:0, instance:com.edinarealty.qa.testcases.SavedPropertiesTest@16f7c8c1]" name="beforeClass" is-config="true" duration-ms="0" started-at="2022-03-23T23:35:22 CDT" finished-at="2022-03-23T23:35:22 CDT">
          <params>
            <param index="0">
              <value>
                <![CDATA[/src/main/java/com/edinarealty/qa/testdata/EdinaRealityDataTable.xlsx]]>
              </value>
            </param>
          </params>
          <reporter-output>
          </reporter-output>
        </test-method> <!-- beforeClass -->
        <test-method status="PASS" signature="savedPropertiesTest(java.lang.String, java.lang.String, java.lang.String, java.lang.String, java.lang.String, java.lang.String, java.lang.String, java.lang.String, java.lang.String, java.lang.String, java.lang.String, java.lang.String, java.lang.String, java.lang.String, java.lang.String, java.lang.String, java.lang.String, java.lang.String, java.lang.String, java.lang.String, java.lang.String, java.lang.String)[pri:0, instance:com.edinarealty.qa.testcases.SavedPropertiesTest@16f7c8c1]" name="savedPropertiesTest" duration-ms="69959" started-at="2022-03-23T23:35:22 CDT" data-provider="inputs" finished-at="2022-03-23T23:36:32 CDT">
          <params>
            <param index="0">
              <value>
                <![CDATA[Y]]>
              </value>
            </param>
            <param index="1">
              <value>
                <![CDATA[Saved Properties Test]]>
              </value>
            </param>
            <param index="2">
              <value>
                <![CDATA[https://staging.edinarealtyv2.com/]]>
              </value>
            </param>
            <param index="3">
              <value>
                <![CDATA[Minnetonka, MN (City)]]>
              </value>
            </param>
            <param index="4">
              <value>
                <![CDATA[$400,000]]>
              </value>
            </param>
            <param index="5">
              <value>
                <![CDATA[$600,000]]>
              </value>
            </param>
            <param index="6">
              <value>
                <![CDATA[2]]>
              </value>
            </param>
            <param index="7">
              <value>
                <![CDATA[2]]>
              </value>
            </param>
            <param index="8">
              <value>
                <![CDATA[0]]>
              </value>
            </param>
            <param index="9">
              <value>
                <![CDATA[$503,365]]>
              </value>
            </param>
            <param index="10">
              <value>
                <![CDATA[MLS# 6102437]]>
              </value>
            </param>
            <param index="11">
              <value>
                <![CDATA[12238 62nd Street NE Otsego, MN, 55301]]>
              </value>
            </param>
            <param index="12">
              <value>
                <![CDATA[1]]>
              </value>
            </param>
            <param index="13">
              <value>
                <![CDATA[$451,995]]>
              </value>
            </param>
            <param index="14">
              <value>
                <![CDATA[MLS# 6102751]]>
              </value>
            </param>
            <param index="15">
              <value>
                <![CDATA[16227 Fairoaks Avenue N Hugo, MN, 55038]]>
              </value>
            </param>
            <param index="16">
              <value>
                <![CDATA[2]]>
              </value>
            </param>
            <param index="17">
              <value>
                <![CDATA[$409,900]]>
              </value>
            </param>
            <param index="18">
              <value>
                <![CDATA[MLS# 6103160]]>
              </value>
            </param>
            <param index="19">
              <value>
                <![CDATA[15242 Tiger Street NW Ramsey, MN, 55303]]>
              </value>
            </param>
            <param index="20">
              <value>
                <![CDATA[Success - 2022/03/21 16:02:22]]>
              </value>
            </param>
            <param index="21">
              <value>
                <![CDATA[1]]>
              </value>
            </param>
          </params>
          <reporter-output>
          </reporter-output>
        </test-method> <!-- savedPropertiesTest -->
        <test-method status="PASS" signature="afterMethod(org.testng.ITestResult)[pri:0, instance:com.edinarealty.qa.testcases.SavedPropertiesTest@16f7c8c1]" name="afterMethod" is-config="true" duration-ms="58" started-at="2022-03-23T23:36:32 CDT" finished-at="2022-03-23T23:36:32 CDT">
          <params>
            <param index="0">
              <value>
                <![CDATA[[TestResult name=savedPropertiesTest status=SUCCESS method=SavedPropertiesTest.savedPropertiesTest(java.lang.String, java.lang.String, java.lang.String, java.lang.String, java.lang.String, java.lang.String, java.lang.String, java.lang.String, java.lang.String, java.lang.String, java.lang.String, java.lang.String, java.lang.String, java.lang.String, java.lang.String, java.lang.String, java.lang.String, java.lang.String, java.lang.String, java.lang.String, java.lang.String, java.lang.String)[pri:0, instance:com.edinarealty.qa.testcases.SavedPropertiesTest@16f7c8c1] output={null}]]]>
              </value>
            </param>
          </params>
          <reporter-output>
          </reporter-output>
        </test-method> <!-- afterMethod -->
        <test-method status="PASS" signature="savedPropertiesTest(java.lang.String, java.lang.String, java.lang.String, java.lang.String, java.lang.String, java.lang.String, java.lang.String, java.lang.String, java.lang.String, java.lang.String, java.lang.String, java.lang.String, java.lang.String, java.lang.String, java.lang.String, java.lang.String, java.lang.String, java.lang.String, java.lang.String, java.lang.String, java.lang.String, java.lang.String)[pri:0, instance:com.edinarealty.qa.testcases.SavedPropertiesTest@16f7c8c1]" name="savedPropertiesTest" duration-ms="32" started-at="2022-03-23T23:36:32 CDT" data-provider="inputs" finished-at="2022-03-23T23:36:33 CDT">
          <params>
            <param index="0">
              <value>
                <![CDATA[n]]>
              </value>
            </param>
            <param index="1">
              <value>
                <![CDATA[Saved Properties Test]]>
              </value>
            </param>
            <param index="2">
              <value>
                <![CDATA[https://staging.edinarealtyv2.com/]]>
              </value>
            </param>
            <param index="3">
              <value>
                <![CDATA[Minneapolis, MN (City)]]>
              </value>
            </param>
            <param index="4">
              <value>
                <![CDATA[$300,000]]>
              </value>
            </param>
            <param index="5">
              <value>
                <![CDATA[$500,000]]>
              </value>
            </param>
            <param index="6">
              <value>
                <![CDATA[3]]>
              </value>
            </param>
            <param index="7">
              <value>
                <![CDATA[3]]>
              </value>
            </param>
            <param index="8">
              <value>
                <![CDATA[2]]>
              </value>
            </param>
            <param index="9">
              <value>
                <![CDATA[$381,075]]>
              </value>
            </param>
            <param index="10">
              <value>
                <![CDATA[MLS# 6103006]]>
              </value>
            </param>
            <param index="11">
              <value>
                <![CDATA[11313 Brookview Road Woodbury, MN, 55129]]>
              </value>
            </param>
            <param index="12">
              <value>
                <![CDATA[0]]>
              </value>
            </param>
            <param index="13">
              <value>
                <![CDATA[$451,995]]>
              </value>
            </param>
            <param index="14">
              <value>
                <![CDATA[MLS# 6102751]]>
              </value>
            </param>
            <param index="15">
              <value>
                <![CDATA[16227 Fairoaks Avenue N Hugo, MN, 55038]]>
              </value>
            </param>
            <param index="16">
              <value>
                <![CDATA[1]]>
              </value>
            </param>
            <param index="17">
              <value>
                <![CDATA[$409,900]]>
              </value>
            </param>
            <param index="18">
              <value>
                <![CDATA[MLS# 6103160]]>
              </value>
            </param>
            <param index="19">
              <value>
                <![CDATA[15242 Tiger Street NW Ramsey, MN, 55303]]>
              </value>
            </param>
            <param index="20">
              <value>
                <![CDATA[]]>
              </value>
            </param>
            <param index="21">
              <value>
                <![CDATA[2]]>
              </value>
            </param>
          </params>
          <reporter-output>
          </reporter-output>
        </test-method> <!-- savedPropertiesTest -->
        <test-method status="PASS" signature="afterMethod(org.testng.ITestResult)[pri:0, instance:com.edinarealty.qa.testcases.SavedPropertiesTest@16f7c8c1]" name="afterMethod" is-config="true" duration-ms="53" started-at="2022-03-23T23:36:33 CDT" finished-at="2022-03-23T23:36:33 CDT">
          <params>
            <param index="0">
              <value>
                <![CDATA[[TestResult name=savedPropertiesTest status=SUCCESS method=SavedPropertiesTest.savedPropertiesTest(java.lang.String, java.lang.String, java.lang.String, java.lang.String, java.lang.String, java.lang.String, java.lang.String, java.lang.String, java.lang.String, java.lang.String, java.lang.String, java.lang.String, java.lang.String, java.lang.String, java.lang.String, java.lang.String, java.lang.String, java.lang.String, java.lang.String, java.lang.String, java.lang.String, java.lang.String)[pri:0, instance:com.edinarealty.qa.testcases.SavedPropertiesTest@16f7c8c1] output={null}]]]>
              </value>
            </param>
          </params>
          <reporter-output>
          </reporter-output>
        </test-method> <!-- afterMethod -->
      </class> <!-- com.edinarealty.qa.testcases.SavedPropertiesTest -->
      <class name="com.edinarealty.qa.testcases.SignInTest">
        <test-method status="PASS" signature="beforeTest(java.lang.String, java.lang.String, java.lang.String, java.lang.String, java.lang.String)[pri:0, instance:com.edinarealty.qa.testcases.SignInTest@df27fae]" name="beforeTest" is-config="true" duration-ms="5018" started-at="2022-03-23T23:32:12 CDT" finished-at="2022-03-23T23:32:17 CDT">
          <params>
            <param index="0">
              <value>
                <![CDATA[firefox]]>
              </value>
            </param>
            <param index="1">
              <value>
                <![CDATA[n]]>
              </value>
            </param>
            <param index="2">
              <value>
                <![CDATA[OS X]]>
              </value>
            </param>
            <param index="3">
              <value>
                <![CDATA[Monterey]]>
              </value>
            </param>
            <param index="4">
              <value>
                <![CDATA[latest]]>
              </value>
            </param>
          </params>
          <reporter-output>
          </reporter-output>
        </test-method> <!-- beforeTest -->
        <test-method status="PASS" signature="beforeClass(java.lang.String)[pri:0, instance:com.edinarealty.qa.testcases.SignInTest@df27fae]" name="beforeClass" is-config="true" duration-ms="1" started-at="2022-03-23T23:32:17 CDT" finished-at="2022-03-23T23:32:17 CDT">
          <params>
            <param index="0">
              <value>
                <![CDATA[/src/main/java/com/edinarealty/qa/testdata/EdinaRealityDataTable.xlsx]]>
              </value>
            </param>
          </params>
          <reporter-output>
          </reporter-output>
        </test-method> <!-- beforeClass -->
        <test-method status="PASS" signature="SignInLocalTest(java.lang.String, java.lang.String, java.lang.String, java.lang.String, java.lang.String, java.lang.String, java.lang.String, java.lang.String, java.lang.String, java.lang.String, java.lang.String, java.lang.String)[pri:0, instance:com.edinarealty.qa.testcases.SignInTest@df27fae]" name="SignInLocalTest" duration-ms="36003" started-at="2022-03-23T23:32:17 CDT" data-provider="inputs" finished-at="2022-03-23T23:32:53 CDT">
          <params>
            <param index="0">
              <value>
                <![CDATA[Y]]>
              </value>
            </param>
            <param index="1">
              <value>
                <![CDATA[Signup Local Account (Non-MFA)]]>
              </value>
            </param>
            <param index="2">
              <value>
                <![CDATA[https://staging.edinarealtyv2.com/]]>
              </value>
            </param>
            <param index="3">
              <value>
                <![CDATA[Local Account]]>
              </value>
            </param>
            <param index="4">
              <value>
                <![CDATA[Cynthia+197@artofqa.com]]>
              </value>
            </param>
            <param index="5">
              <value>
                <![CDATA[Akatsukimember1!]]>
              </value>
            </param>
            <param index="6">
              <value>
                <![CDATA[n]]>
              </value>
            </param>
            <param index="7">
              <value>
                <![CDATA[Success]]>
              </value>
            </param>
            <param index="8">
              <value>
                <![CDATA[Cynthia Ambrosia]]>
              </value>
            </param>
            <param index="9">
              <value>
                <![CDATA[n]]>
              </value>
            </param>
            <param index="10">
              <value>
                <![CDATA[Failure - 2022/03/21 15:57:05]]>
              </value>
            </param>
            <param index="11">
              <value>
                <![CDATA[1]]>
              </value>
            </param>
          </params>
          <reporter-output>
          </reporter-output>
        </test-method> <!-- SignInLocalTest -->
        <test-method status="PASS" signature="afterMethod(org.testng.ITestResult)[pri:0, instance:com.edinarealty.qa.testcases.SignInTest@df27fae]" name="afterMethod" is-config="true" duration-ms="444" started-at="2022-03-23T23:32:53 CDT" finished-at="2022-03-23T23:32:54 CDT">
          <params>
            <param index="0">
              <value>
                <![CDATA[[TestResult name=SignInLocalTest status=SUCCESS method=SignInTest.SignInLocalTest(java.lang.String, java.lang.String, java.lang.String, java.lang.String, java.lang.String, java.lang.String, java.lang.String, java.lang.String, java.lang.String, java.lang.String, java.lang.String, java.lang.String)[pri:0, instance:com.edinarealty.qa.testcases.SignInTest@df27fae] output={null}]]]>
              </value>
            </param>
          </params>
          <reporter-output>
          </reporter-output>
        </test-method> <!-- afterMethod -->
        <test-method status="PASS" signature="SignInLocalTest(java.lang.String, java.lang.String, java.lang.String, java.lang.String, java.lang.String, java.lang.String, java.lang.String, java.lang.String, java.lang.String, java.lang.String, java.lang.String, java.lang.String)[pri:0, instance:com.edinarealty.qa.testcases.SignInTest@df27fae]" name="SignInLocalTest" duration-ms="61" started-at="2022-03-23T23:32:54 CDT" data-provider="inputs" finished-at="2022-03-23T23:32:54 CDT">
          <params>
            <param index="0">
              <value>
                <![CDATA[n]]>
              </value>
            </param>
            <param index="1">
              <value>
                <![CDATA[Signup Local Account (Non-MFA)]]>
              </value>
            </param>
            <param index="2">
              <value>
                <![CDATA[https://staging.edinarealtyv2.com/]]>
              </value>
            </param>
            <param index="3">
              <value>
                <![CDATA[Local Account]]>
              </value>
            </param>
            <param index="4">
              <value>
                <![CDATA[test+1@artofqa.com]]>
              </value>
            </param>
            <param index="5">
              <value>
                <![CDATA[Test!123$]]>
              </value>
            </param>
            <param index="6">
              <value>
                <![CDATA[n]]>
              </value>
            </param>
            <param index="7">
              <value is-null="true"/>
            </param>
            <param index="8">
              <value is-null="true"/>
            </param>
            <param index="9">
              <value is-null="true"/>
            </param>
            <param index="10">
              <value is-null="true"/>
            </param>
            <param index="11">
              <value>
                <![CDATA[2]]>
              </value>
            </param>
          </params>
          <reporter-output>
          </reporter-output>
        </test-method> <!-- SignInLocalTest -->
        <test-method status="PASS" signature="afterMethod(org.testng.ITestResult)[pri:0, instance:com.edinarealty.qa.testcases.SignInTest@df27fae]" name="afterMethod" is-config="true" duration-ms="94" started-at="2022-03-23T23:32:54 CDT" finished-at="2022-03-23T23:32:54 CDT">
          <params>
            <param index="0">
              <value>
                <![CDATA[[TestResult name=SignInLocalTest status=SUCCESS method=SignInTest.SignInLocalTest(java.lang.String, java.lang.String, java.lang.String, java.lang.String, java.lang.String, java.lang.String, java.lang.String, java.lang.String, java.lang.String, java.lang.String, java.lang.String, java.lang.String)[pri:0, instance:com.edinarealty.qa.testcases.SignInTest@df27fae] output={null}]]]>
              </value>
            </param>
          </params>
          <reporter-output>
          </reporter-output>
        </test-method> <!-- afterMethod -->
        <test-method status="PASS" signature="SignInLocalTest(java.lang.String, java.lang.String, java.lang.String, java.lang.String, java.lang.String, java.lang.String, java.lang.String, java.lang.String, java.lang.String, java.lang.String, java.lang.String, java.lang.String)[pri:0, instance:com.edinarealty.qa.testcases.SignInTest@df27fae]" name="SignInLocalTest" duration-ms="53" started-at="2022-03-23T23:32:54 CDT" data-provider="inputs" finished-at="2022-03-23T23:32:54 CDT">
          <params>
            <param index="0">
              <value>
                <![CDATA[n]]>
              </value>
            </param>
            <param index="1">
              <value>
                <![CDATA[Signup Local  Account (MFA)]]>
              </value>
            </param>
            <param index="2">
              <value>
                <![CDATA[https://staging.edinarealtyv2.com/]]>
              </value>
            </param>
            <param index="3">
              <value>
                <![CDATA[Local Account]]>
              </value>
            </param>
            <param index="4">
              <value>
                <![CDATA[Cynthia.Astralis@gmail.com]]>
              </value>
            </param>
            <param index="5">
              <value>
                <![CDATA[Akatsukimember1!]]>
              </value>
            </param>
            <param index="6">
              <value>
                <![CDATA[Y]]>
              </value>
            </param>
            <param index="7">
              <value>
                <![CDATA[Success]]>
              </value>
            </param>
            <param index="8">
              <value>
                <![CDATA[]]>
              </value>
            </param>
            <param index="9">
              <value>
                <![CDATA[n]]>
              </value>
            </param>
            <param index="10">
              <value>
                <![CDATA[Success - 2022/03/21 15:57:06]]>
              </value>
            </param>
            <param index="11">
              <value>
                <![CDATA[3]]>
              </value>
            </param>
          </params>
          <reporter-output>
          </reporter-output>
        </test-method> <!-- SignInLocalTest -->
        <test-method status="PASS" signature="afterMethod(org.testng.ITestResult)[pri:0, instance:com.edinarealty.qa.testcases.SignInTest@df27fae]" name="afterMethod" is-config="true" duration-ms="78" started-at="2022-03-23T23:32:54 CDT" finished-at="2022-03-23T23:32:54 CDT">
          <params>
            <param index="0">
              <value>
                <![CDATA[[TestResult name=SignInLocalTest status=SUCCESS method=SignInTest.SignInLocalTest(java.lang.String, java.lang.String, java.lang.String, java.lang.String, java.lang.String, java.lang.String, java.lang.String, java.lang.String, java.lang.String, java.lang.String, java.lang.String, java.lang.String)[pri:0, instance:com.edinarealty.qa.testcases.SignInTest@df27fae] output={null}]]]>
              </value>
            </param>
          </params>
          <reporter-output>
          </reporter-output>
        </test-method> <!-- afterMethod -->
        <test-method status="PASS" signature="SignInLocalTest(java.lang.String, java.lang.String, java.lang.String, java.lang.String, java.lang.String, java.lang.String, java.lang.String, java.lang.String, java.lang.String, java.lang.String, java.lang.String, java.lang.String)[pri:0, instance:com.edinarealty.qa.testcases.SignInTest@df27fae]" name="SignInLocalTest" duration-ms="44" started-at="2022-03-23T23:32:54 CDT" data-provider="inputs" finished-at="2022-03-23T23:32:54 CDT">
          <params>
            <param index="0">
              <value>
                <![CDATA[n]]>
              </value>
            </param>
            <param index="1">
              <value>
                <![CDATA[Signup Google Account (MFA)]]>
              </value>
            </param>
            <param index="2">
              <value>
                <![CDATA[https://staging.edinarealtyv2.com/]]>
              </value>
            </param>
            <param index="3">
              <value>
                <![CDATA[Google Account]]>
              </value>
            </param>
            <param index="4">
              <value>
                <![CDATA[]]>
              </value>
            </param>
            <param index="5">
              <value is-null="true"/>
            </param>
            <param index="6">
              <value is-null="true"/>
            </param>
            <param index="7">
              <value is-null="true"/>
            </param>
            <param index="8">
              <value is-null="true"/>
            </param>
            <param index="9">
              <value is-null="true"/>
            </param>
            <param index="10">
              <value is-null="true"/>
            </param>
            <param index="11">
              <value>
                <![CDATA[4]]>
              </value>
            </param>
          </params>
          <reporter-output>
          </reporter-output>
        </test-method> <!-- SignInLocalTest -->
        <test-method status="PASS" signature="afterMethod(org.testng.ITestResult)[pri:0, instance:com.edinarealty.qa.testcases.SignInTest@df27fae]" name="afterMethod" is-config="true" duration-ms="75" started-at="2022-03-23T23:32:54 CDT" finished-at="2022-03-23T23:32:54 CDT">
          <params>
            <param index="0">
              <value>
                <![CDATA[[TestResult name=SignInLocalTest status=SUCCESS method=SignInTest.SignInLocalTest(java.lang.String, java.lang.String, java.lang.String, java.lang.String, java.lang.String, java.lang.String, java.lang.String, java.lang.String, java.lang.String, java.lang.String, java.lang.String, java.lang.String)[pri:0, instance:com.edinarealty.qa.testcases.SignInTest@df27fae] output={null}]]]>
              </value>
            </param>
          </params>
          <reporter-output>
          </reporter-output>
        </test-method> <!-- afterMethod -->
        <test-method status="PASS" signature="SignInLocalTest(java.lang.String, java.lang.String, java.lang.String, java.lang.String, java.lang.String, java.lang.String, java.lang.String, java.lang.String, java.lang.String, java.lang.String, java.lang.String, java.lang.String)[pri:0, instance:com.edinarealty.qa.testcases.SignInTest@df27fae]" name="SignInLocalTest" duration-ms="48" started-at="2022-03-23T23:32:54 CDT" data-provider="inputs" finished-at="2022-03-23T23:32:54 CDT">
          <params>
            <param index="0">
              <value>
                <![CDATA[n]]>
              </value>
            </param>
            <param index="1">
              <value>
                <![CDATA[Signup Microsoft Account (MFA )]]>
              </value>
            </param>
            <param index="2">
              <value>
                <![CDATA[https://staging.edinarealtyv2.com/]]>
              </value>
            </param>
            <param index="3">
              <value>
                <![CDATA[Microsoft Account ]]>
              </value>
            </param>
            <param index="4">
              <value is-null="true"/>
            </param>
            <param index="5">
              <value is-null="true"/>
            </param>
            <param index="6">
              <value is-null="true"/>
            </param>
            <param index="7">
              <value is-null="true"/>
            </param>
            <param index="8">
              <value is-null="true"/>
            </param>
            <param index="9">
              <value is-null="true"/>
            </param>
            <param index="10">
              <value is-null="true"/>
            </param>
            <param index="11">
              <value>
                <![CDATA[5]]>
              </value>
            </param>
          </params>
          <reporter-output>
          </reporter-output>
        </test-method> <!-- SignInLocalTest -->
        <test-method status="PASS" signature="afterMethod(org.testng.ITestResult)[pri:0, instance:com.edinarealty.qa.testcases.SignInTest@df27fae]" name="afterMethod" is-config="true" duration-ms="63" started-at="2022-03-23T23:32:54 CDT" finished-at="2022-03-23T23:32:54 CDT">
          <params>
            <param index="0">
              <value>
                <![CDATA[[TestResult name=SignInLocalTest status=SUCCESS method=SignInTest.SignInLocalTest(java.lang.String, java.lang.String, java.lang.String, java.lang.String, java.lang.String, java.lang.String, java.lang.String, java.lang.String, java.lang.String, java.lang.String, java.lang.String, java.lang.String)[pri:0, instance:com.edinarealty.qa.testcases.SignInTest@df27fae] output={null}]]]>
              </value>
            </param>
          </params>
          <reporter-output>
          </reporter-output>
        </test-method> <!-- afterMethod -->
        <test-method status="PASS" signature="afterSuite()[pri:0, instance:com.edinarealty.qa.testcases.SignInTest@df27fae]" name="afterSuite" is-config="true" duration-ms="739" started-at="2022-03-23T23:36:33 CDT" finished-at="2022-03-23T23:36:33 CDT">
          <reporter-output>
          </reporter-output>
        </test-method> <!-- afterSuite -->
      </class> <!-- com.edinarealty.qa.testcases.SignInTest -->
      <class name="com.edinarealty.qa.testcases.SavedSearchTest">
        <test-method status="PASS" signature="beforeClass(java.lang.String)[pri:0, instance:com.edinarealty.qa.testcases.SavedSearchTest@24a35978]" name="beforeClass" is-config="true" duration-ms="0" started-at="2022-03-23T23:32:54 CDT" finished-at="2022-03-23T23:32:54 CDT">
          <params>
            <param index="0">
              <value>
                <![CDATA[/src/main/java/com/edinarealty/qa/testdata/EdinaRealityDataTable.xlsx]]>
              </value>
            </param>
          </params>
          <reporter-output>
          </reporter-output>
        </test-method> <!-- beforeClass -->
        <test-method status="SKIP" signature="savedSearchTest(java.lang.String, java.lang.String, java.lang.String, java.lang.String, java.lang.String, java.lang.String, java.lang.String, java.lang.String, java.lang.String, java.lang.String, java.lang.String, java.lang.String)[pri:0, instance:com.edinarealty.qa.testcases.SavedSearchTest@24a35978]" name="savedSearchTest" duration-ms="74262" retried="true" started-at="2022-03-23T23:32:54 CDT" data-provider="inputs" finished-at="2022-03-23T23:34:09 CDT">
          <params>
            <param index="0">
              <value>
                <![CDATA[Y]]>
              </value>
            </param>
            <param index="1">
              <value>
                <![CDATA[Saved Search Test]]>
              </value>
            </param>
            <param index="2">
              <value>
                <![CDATA[https://staging.edinarealtyv2.com/]]>
              </value>
            </param>
            <param index="3">
              <value>
                <![CDATA[Minnetonka, MN (City)]]>
              </value>
            </param>
            <param index="4">
              <value>
                <![CDATA[$400,000]]>
              </value>
            </param>
            <param index="5">
              <value>
                <![CDATA[$600,000]]>
              </value>
            </param>
            <param index="6">
              <value>
                <![CDATA[2]]>
              </value>
            </param>
            <param index="7">
              <value>
                <![CDATA[2]]>
              </value>
            </param>
            <param index="8">
              <value>
                <![CDATA[Minnetonka]]>
              </value>
            </param>
            <param index="9">
              <value>
                <![CDATA[Minnetonka]]>
              </value>
            </param>
            <param index="10">
              <value>
                <![CDATA[Success - 2022/03/21 15:58:55]]>
              </value>
            </param>
            <param index="11">
              <value>
                <![CDATA[1]]>
              </value>
            </param>
          </params>
          <exception class="java.lang.Error">
            <message>
              <![CDATA[Unresolved compilation problem: 
The method strip() is undefined for the type String
]]>
            </message>
            <full-stacktrace>
              <![CDATA[java.lang.Error: Unresolved compilation problem: 
The method strip() is undefined for the type String

at com.edinarealty.qa.pagemethods.SearchPageMethods.verifySavedSearchInfo(SearchPageMethods.java:524)
at com.edinarealty.qa.testcases.SavedSearchTest.savedSearchTest(SavedSearchTest.java:95)
at sun.reflect.NativeMethodAccessorImpl.invoke0(Native Method)
at sun.reflect.NativeMethodAccessorImpl.invoke(NativeMethodAccessorImpl.java:62)
at sun.reflect.DelegatingMethodAccessorImpl.invoke(DelegatingMethodAccessorImpl.java:43)
at java.lang.reflect.Method.invoke(Method.java:498)
at org.testng.internal.MethodInvocationHelper.invokeMethod(MethodInvocationHelper.java:132)
at org.testng.internal.TestInvoker.invokeMethod(TestInvoker.java:599)
at org.testng.internal.TestInvoker.invokeTestMethod(TestInvoker.java:174)
at org.testng.internal.MethodRunner.runInSequence(MethodRunner.java:46)
at org.testng.internal.TestInvoker$MethodInvocationAgent.invoke(TestInvoker.java:822)
at org.testng.internal.TestInvoker.invokeTestMethods(TestInvoker.java:147)
at org.testng.internal.TestMethodWorker.invokeTestMethods(TestMethodWorker.java:146)
at org.testng.internal.TestMethodWorker.run(TestMethodWorker.java:128)
at java.util.ArrayList.forEach(ArrayList.java:1259)
at org.testng.TestRunner.privateRun(TestRunner.java:764)
at org.testng.TestRunner.run(TestRunner.java:585)
at org.testng.SuiteRunner.runTest(SuiteRunner.java:384)
at org.testng.SuiteRunner.access$000(SuiteRunner.java:28)
at org.testng.SuiteRunner$SuiteWorker.run(SuiteRunner.java:425)
at org.testng.internal.thread.ThreadUtil.lambda$execute$0(ThreadUtil.java:66)
at java.util.concurrent.FutureTask.run(FutureTask.java:266)
at java.util.concurrent.ThreadPoolExecutor.runWorker(ThreadPoolExecutor.java:1149)
at java.util.concurrent.ThreadPoolExecutor$Worker.run(ThreadPoolExecutor.java:624)
at java.lang.Thread.run(Thread.java:748)
]]>
            </full-stacktrace>
          </exception> <!-- java.lang.Error -->
          <reporter-output>
          </reporter-output>
        </test-method> <!-- savedSearchTest -->
        <test-method status="PASS" signature="afterMethod(org.testng.ITestResult)[pri:0, instance:com.edinarealty.qa.testcases.SavedSearchTest@24a35978]" name="afterMethod" is-config="true" duration-ms="40" started-at="2022-03-23T23:34:09 CDT" finished-at="2022-03-23T23:34:09 CDT">
          <params>
            <param index="0">
              <value>
                <![CDATA[[TestResult name=savedSearchTest status=SKIP method=SavedSearchTest.savedSearchTest(java.lang.String, java.lang.String, java.lang.String, java.lang.String, java.lang.String, java.lang.String, java.lang.String, java.lang.String, java.lang.String, java.lang.String, java.lang.String, java.lang.String)[pri:0, instance:com.edinarealty.qa.testcases.SavedSearchTest@24a35978] output={null}]]]>
              </value>
            </param>
          </params>
          <reporter-output>
          </reporter-output>
        </test-method> <!-- afterMethod -->
        <test-method status="FAIL" signature="savedSearchTest(java.lang.String, java.lang.String, java.lang.String, java.lang.String, java.lang.String, java.lang.String, java.lang.String, java.lang.String, java.lang.String, java.lang.String, java.lang.String, java.lang.String)[pri:0, instance:com.edinarealty.qa.testcases.SavedSearchTest@24a35978]" name="savedSearchTest" duration-ms="73191" started-at="2022-03-23T23:34:09 CDT" data-provider="inputs" finished-at="2022-03-23T23:35:22 CDT">
          <params>
            <param index="0">
              <value>
                <![CDATA[Y]]>
              </value>
            </param>
            <param index="1">
              <value>
                <![CDATA[Saved Search Test]]>
              </value>
            </param>
            <param index="2">
              <value>
                <![CDATA[https://staging.edinarealtyv2.com/]]>
              </value>
            </param>
            <param index="3">
              <value>
                <![CDATA[Minnetonka, MN (City)]]>
              </value>
            </param>
            <param index="4">
              <value>
                <![CDATA[$400,000]]>
              </value>
            </param>
            <param index="5">
              <value>
                <![CDATA[$600,000]]>
              </value>
            </param>
            <param index="6">
              <value>
                <![CDATA[2]]>
              </value>
            </param>
            <param index="7">
              <value>
                <![CDATA[2]]>
              </value>
            </param>
            <param index="8">
              <value>
                <![CDATA[Minnetonka]]>
              </value>
            </param>
            <param index="9">
              <value>
                <![CDATA[Minnetonka]]>
              </value>
            </param>
            <param index="10">
              <value>
                <![CDATA[Success - 2022/03/21 15:58:55]]>
              </value>
            </param>
            <param index="11">
              <value>
                <![CDATA[1]]>
              </value>
            </param>
          </params>
          <exception class="java.lang.Error">
            <message>
              <![CDATA[Unresolved compilation problem: 
The method strip() is undefined for the type String
]]>
            </message>
            <full-stacktrace>
              <![CDATA[java.lang.Error: Unresolved compilation problem: 
The method strip() is undefined for the type String

at com.edinarealty.qa.pagemethods.SearchPageMethods.verifySavedSearchInfo(SearchPageMethods.java:524)
at com.edinarealty.qa.testcases.SavedSearchTest.savedSearchTest(SavedSearchTest.java:95)
at sun.reflect.NativeMethodAccessorImpl.invoke0(Native Method)
at sun.reflect.NativeMethodAccessorImpl.invoke(NativeMethodAccessorImpl.java:62)
at sun.reflect.DelegatingMethodAccessorImpl.invoke(DelegatingMethodAccessorImpl.java:43)
at java.lang.reflect.Method.invoke(Method.java:498)
at org.testng.internal.MethodInvocationHelper.invokeMethod(MethodInvocationHelper.java:132)
at org.testng.internal.TestInvoker.invokeMethod(TestInvoker.java:599)
at org.testng.internal.TestInvoker.retryFailed(TestInvoker.java:214)
at org.testng.internal.MethodRunner.runInSequence(MethodRunner.java:58)
at org.testng.internal.TestInvoker$MethodInvocationAgent.invoke(TestInvoker.java:822)
at org.testng.internal.TestInvoker.invokeTestMethods(TestInvoker.java:147)
at org.testng.internal.TestMethodWorker.invokeTestMethods(TestMethodWorker.java:146)
at org.testng.internal.TestMethodWorker.run(TestMethodWorker.java:128)
at java.util.ArrayList.forEach(ArrayList.java:1259)
at org.testng.TestRunner.privateRun(TestRunner.java:764)
at org.testng.TestRunner.run(TestRunner.java:585)
at org.testng.SuiteRunner.runTest(SuiteRunner.java:384)
at org.testng.SuiteRunner.access$000(SuiteRunner.java:28)
at org.testng.SuiteRunner$SuiteWorker.run(SuiteRunner.java:425)
at org.testng.internal.thread.ThreadUtil.lambda$execute$0(ThreadUtil.java:66)
at java.util.concurrent.FutureTask.run(FutureTask.java:266)
at java.util.concurrent.ThreadPoolExecutor.runWorker(ThreadPoolExecutor.java:1149)
at java.util.concurrent.ThreadPoolExecutor$Worker.run(ThreadPoolExecutor.java:624)
at java.lang.Thread.run(Thread.java:748)
]]>
            </full-stacktrace>
          </exception> <!-- java.lang.Error -->
          <reporter-output>
          </reporter-output>
        </test-method> <!-- savedSearchTest -->
        <test-method status="PASS" signature="afterMethod(org.testng.ITestResult)[pri:0, instance:com.edinarealty.qa.testcases.SavedSearchTest@24a35978]" name="afterMethod" is-config="true" duration-ms="119" started-at="2022-03-23T23:35:22 CDT" finished-at="2022-03-23T23:35:22 CDT">
          <params>
            <param index="0">
              <value>
                <![CDATA[[TestResult name=savedSearchTest status=FAILURE method=SavedSearchTest.savedSearchTest(java.lang.String, java.lang.String, java.lang.String, java.lang.String, java.lang.String, java.lang.String, java.lang.String, java.lang.String, java.lang.String, java.lang.String, java.lang.String, java.lang.String)[pri:0, instance:com.edinarealty.qa.testcases.SavedSearchTest@24a35978] output={null}]]]>
              </value>
            </param>
          </params>
          <reporter-output>
          </reporter-output>
        </test-method> <!-- afterMethod -->
        <test-method status="PASS" signature="savedSearchTest(java.lang.String, java.lang.String, java.lang.String, java.lang.String, java.lang.String, java.lang.String, java.lang.String, java.lang.String, java.lang.String, java.lang.String, java.lang.String, java.lang.String)[pri:0, instance:com.edinarealty.qa.testcases.SavedSearchTest@24a35978]" name="savedSearchTest" duration-ms="95" started-at="2022-03-23T23:35:22 CDT" data-provider="inputs" finished-at="2022-03-23T23:35:22 CDT">
          <params>
            <param index="0">
              <value>
                <![CDATA[n]]>
              </value>
            </param>
            <param index="1">
              <value>
                <![CDATA[Saved Search Test]]>
              </value>
            </param>
            <param index="2">
              <value>
                <![CDATA[https://staging.edinarealtyv2.com/]]>
              </value>
            </param>
            <param index="3">
              <value>
                <![CDATA[Minneapolis, MN (City)]]>
              </value>
            </param>
            <param index="4">
              <value>
                <![CDATA[$300,000]]>
              </value>
            </param>
            <param index="5">
              <value>
                <![CDATA[$500,000]]>
              </value>
            </param>
            <param index="6">
              <value>
                <![CDATA[3]]>
              </value>
            </param>
            <param index="7">
              <value>
                <![CDATA[3]]>
              </value>
            </param>
            <param index="8">
              <value>
                <![CDATA[Minneapolis]]>
              </value>
            </param>
            <param index="9">
              <value>
                <![CDATA[Minneapolis]]>
              </value>
            </param>
            <param index="10">
              <value>
                <![CDATA[Success - 2022/03/21 16:00:53]]>
              </value>
            </param>
            <param index="11">
              <value>
                <![CDATA[2]]>
              </value>
            </param>
          </params>
          <reporter-output>
          </reporter-output>
        </test-method> <!-- savedSearchTest -->
        <test-method status="PASS" signature="afterMethod(org.testng.ITestResult)[pri:0, instance:com.edinarealty.qa.testcases.SavedSearchTest@24a35978]" name="afterMethod" is-config="true" duration-ms="203" started-at="2022-03-23T23:35:22 CDT" finished-at="2022-03-23T23:35:22 CDT">
          <params>
            <param index="0">
              <value>
                <![CDATA[[TestResult name=savedSearchTest status=SUCCESS method=SavedSearchTest.savedSearchTest(java.lang.String, java.lang.String, java.lang.String, java.lang.String, java.lang.String, java.lang.String, java.lang.String, java.lang.String, java.lang.String, java.lang.String, java.lang.String, java.lang.String)[pri:0, instance:com.edinarealty.qa.testcases.SavedSearchTest@24a35978] output={null}]]]>
              </value>
            </param>
          </params>
          <reporter-output>
          </reporter-output>
        </test-method> <!-- afterMethod -->
      </class> <!-- com.edinarealty.qa.testcases.SavedSearchTest -->
    </test> <!-- Regression FireFox -->
  </suite> <!-- TestSuite -->
</testng-results>
