<?xml version="1.0" encoding="UTF-8"?>
<!-- Generated by org.testng.reporters.JUnitXMLReporter -->
<testsuite hostname="Systemss-MacBook-Pro.local" ignored="4" name="Regression FireFox" tests="10" failures="1" timestamp="2022-03-23T23:36:33 CDT" time="260.924" errors="0">
  <testcase name="SignInLocalTest" time="36.003" classname="com.edinarealty.qa.testcases.SignInTest"/>
  <testcase name="SignInLocalTest" time="0.061" classname="com.edinarealty.qa.testcases.SignInTest"/>
  <testcase name="SignInLocalTest" time="0.053" classname="com.edinarealty.qa.testcases.SignInTest"/>
  <testcase name="SignInLocalTest" time="0.044" classname="com.edinarealty.qa.testcases.SignInTest"/>
  <testcase name="SignInLocalTest" time="0.048" classname="com.edinarealty.qa.testcases.SignInTest"/>
  <testcase name="savedSearchTest" time="74.262" classname="com.edinarealty.qa.testcases.SavedSearchTest">
    <skipped/>
  </testcase> <!-- savedSearchTest -->
  <testcase name="savedSearchTest" time="73.191" classname="com.edinarealty.qa.testcases.SavedSearchTest">
    <failure type="java.lang.Error" message="Unresolved compilation problem: 
	The method strip() is undefined for the type String
">
      <![CDATA[java.lang.Error: Unresolved compilation problem: 
The method strip() is undefined for the type String

at com.edinarealty.qa.pagemethods.SearchPageMethods.verifySavedSearchInfo(SearchPageMethods.java:524)
at com.edinarealty.qa.testcases.SavedSearchTest.savedSearchTest(SavedSearchTest.java:95)
at java.util.ArrayList.forEach(ArrayList.java:1259)
at java.util.concurrent.FutureTask.run(FutureTask.java:266)
at java.util.concurrent.ThreadPoolExecutor.runWorker(ThreadPoolExecutor.java:1149)
at java.util.concurrent.ThreadPoolExecutor$Worker.run(ThreadPoolExecutor.java:624)
at java.lang.Thread.run(Thread.java:748)
... Removed 18 stack frames]]>
    </failure>
  </testcase> <!-- savedSearchTest -->
  <testcase name="savedSearchTest" time="0.095" classname="com.edinarealty.qa.testcases.SavedSearchTest"/>
  <testcase name="savedPropertiesTest" time="69.959" classname="com.edinarealty.qa.testcases.SavedPropertiesTest"/>
  <testcase name="savedPropertiesTest" time="0.032" classname="com.edinarealty.qa.testcases.SavedPropertiesTest"/>
  <testcase name="@BeforeTest beforeTest" time="0.0" classname="com.edinarealty.qa.base.TestBase">
    <ignored/>
  </testcase> <!-- @BeforeTest beforeTest -->
  <testcase name="@BeforeTest beforeTest" time="0.0" classname="com.edinarealty.qa.base.TestBase">
    <ignored/>
  </testcase> <!-- @BeforeTest beforeTest -->
  <testcase name="@AfterSuite afterSuite" time="0.0" classname="com.edinarealty.qa.base.TestBase">
    <ignored/>
  </testcase> <!-- @AfterSuite afterSuite -->
  <testcase name="@AfterSuite afterSuite" time="0.0" classname="com.edinarealty.qa.base.TestBase">
    <ignored/>
  </testcase> <!-- @AfterSuite afterSuite -->
</testsuite> <!-- Regression FireFox -->
